<?xml version="1.0" encoding="UTF-8"?>
<!-- Generated by org.testng.reporters.JUnitXMLReporter -->
<testsuite ignored="0" hostname="DESKTOP-H6IDBHN" failures="0" tests="2" name="Default test" time="54.48" errors="0" timestamp="2021-07-22T22:04:11 IST">
  <testcase classname="HybridFramework.E2Eproject.HomePageTest" name="basePageNavigation" time="38.675"/>
  <testcase classname="HybridFramework.E2Eproject.HomePageTest" name="basePageNavigation" time="12.878"/>
</testsuite> <!-- Default test -->
