<?xml version="1.0" encoding="UTF-8"?>
<!-- Generated by org.testng.reporters.JUnitXMLReporter -->
<testsuite ignored="0" hostname="DESKTOP-H6IDBHN" failures="0" tests="3" name="Test" time="48.993" errors="0" timestamp="2021-07-21T00:31:08 IST">
  <testcase classname="HybridFramework.E2Eproject.validateTest" name="validateTitle" time="0.174"/>
  <testcase classname="HybridFramework.E2Eproject.HomePageTest" name="basePageNavigation" time="7.732"/>
  <testcase classname="HybridFramework.E2Eproject.HomePageTest" name="basePageNavigation" time="5.535"/>
</testsuite> <!-- Test -->
