<?xml version="1.0" encoding="UTF-8"?>
<testng-results ignored="0" total="2" passed="2" failed="0" skipped="0">
  <reporter-output>
  </reporter-output>
  <suite started-at="2021-08-07T21:30:36 IST" name="Suite" finished-at="2021-08-07T21:31:08 IST" duration-ms="31853">
    <groups>
      <group name="cucumber">
        <method signature="AbstractTestNGCucumberTests.runScenario(io.cucumber.testng.PickleWrapper,io.cucumber.testng.FeatureWrapper)[pri:0, instance:cucumberOptions.testRunner@f0da945]" name="runScenario" class="io.cucumber.testng.AbstractTestNGCucumberTests"/>
      </group> <!-- cucumber -->
    </groups>
    <test started-at="2021-08-07T21:30:36 IST" name="Validate Title" finished-at="2021-08-07T21:31:08 IST" duration-ms="31853">
      <class name="cucumberOptions.testRunner">
        <test-method is-config="true" signature="setUpClass()[pri:0, instance:cucumberOptions.testRunner@f0da945]" started-at="2021-08-07T21:30:36 IST" name="setUpClass" finished-at="2021-08-07T21:30:37 IST" duration-ms="637" status="PASS">
          <reporter-output>
          </reporter-output>
        </test-method> <!-- setUpClass -->
        <test-method signature="runScenario(io.cucumber.testng.PickleWrapper,io.cucumber.testng.FeatureWrapper)[pri:0, instance:cucumberOptions.testRunner@f0da945]" started-at="2021-08-07T21:30:37 IST" name="runScenario" description="Runs Cucumber Scenarios" data-provider="scenarios" finished-at="2021-08-07T21:30:54 IST" duration-ms="17749" status="PASS">
          <params>
            <param index="0">
              <value>
                <![CDATA["Validate user can access Forgot Password after validation error"]]>
              </value>
            </param>
            <param index="1">
              <value>
                <![CDATA["Optional[Login page Tests]"]]>
              </value>
            </param>
          </params>
          <reporter-output>
          </reporter-output>
        </test-method> <!-- runScenario -->
        <test-method signature="runScenario(io.cucumber.testng.PickleWrapper,io.cucumber.testng.FeatureWrapper)[pri:0, instance:cucumberOptions.testRunner@f0da945]" started-at="2021-08-07T21:30:54 IST" name="runScenario" description="Runs Cucumber Scenarios" data-provider="scenarios" finished-at="2021-08-07T21:31:08 IST" duration-ms="13345" status="PASS">
          <params>
            <param index="0">
              <value>
                <![CDATA["Validate user can access Forgot Password after validation error"]]>
              </value>
            </param>
            <param index="1">
              <value>
                <![CDATA["Optional[Login page Tests]"]]>
              </value>
            </param>
          </params>
          <reporter-output>
          </reporter-output>
        </test-method> <!-- runScenario -->
        <test-method is-config="true" signature="tearDownClass()[pri:0, instance:cucumberOptions.testRunner@f0da945]" started-at="2021-08-07T21:31:08 IST" name="tearDownClass" finished-at="2021-08-07T21:31:08 IST" duration-ms="59" status="PASS">
          <reporter-output>
          </reporter-output>
        </test-method> <!-- tearDownClass -->
      </class> <!-- cucumberOptions.testRunner -->
    </test> <!-- Validate Title -->
  </suite> <!-- Suite -->
</testng-results>
